svn del -m "Unused branch removed" https://core.forge.funambol.org/svn/core/top-level/branches/unlabeled-1.1.2/
+ svn del -m 'Unused branch removed' https://core.forge.funambol.org/svn/core/top-level/branches/unlabeled-1.1.2/

Committed revision 27401.
svn del -m "Unused branch removed" https://core.forge.funambol.org/svn/core/top-level/branches/unlabeled-1.1.4/
+ svn del -m 'Unused branch removed' https://core.forge.funambol.org/svn/core/top-level/branches/unlabeled-1.1.4/

Committed revision 27402.
svn del -m "Unused branch removed" https://core.forge.funambol.org/svn/core/top-level/branches/unlabeled-1.10.2/
+ svn del -m 'Unused branch removed' https://core.forge.funambol.org/svn/core/top-level/branches/unlabeled-1.10.2/

Committed revision 27403.
svn del -m "Unused branch removed" https://core.forge.funambol.org/svn/core/top-level/branches/unlabeled-1.10.2.1.2/
+ svn del -m 'Unused branch removed' https://core.forge.funambol.org/svn/core/top-level/branches/unlabeled-1.10.2.1.2/

Committed revision 27404.
svn del -m "Unused branch removed" https://core.forge.funambol.org/svn/core/top-level/branches/unlabeled-1.10.4/
+ svn del -m 'Unused branch removed' https://core.forge.funambol.org/svn/core/top-level/branches/unlabeled-1.10.4/

Committed revision 27405.
svn del -m "Unused branch removed" https://core.forge.funambol.org/svn/core/top-level/branches/unlabeled-1.10.4.1.2/
+ svn del -m 'Unused branch removed' https://core.forge.funambol.org/svn/core/top-level/branches/unlabeled-1.10.4.1.2/

Committed revision 27406.
svn del -m "Unused branch removed" https://core.forge.funambol.org/svn/core/top-level/branches/unlabeled-1.11.2/
+ svn del -m 'Unused branch removed' https://core.forge.funambol.org/svn/core/top-level/branches/unlabeled-1.11.2/

Committed revision 27407.
svn del -m "Unused branch removed" https://core.forge.funambol.org/svn/core/top-level/branches/unlabeled-1.11.4/
+ svn del -m 'Unused branch removed' https://core.forge.funambol.org/svn/core/top-level/branches/unlabeled-1.11.4/

Committed revision 27408.
svn del -m "Unused branch removed" https://core.forge.funambol.org/svn/core/top-level/branches/unlabeled-1.15.2.1.2/
+ svn del -m 'Unused branch removed' https://core.forge.funambol.org/svn/core/top-level/branches/unlabeled-1.15.2.1.2/

Committed revision 27409.
svn del -m "Unused branch removed" https://core.forge.funambol.org/svn/core/top-level/branches/unlabeled-1.16.2.1.2/
+ svn del -m 'Unused branch removed' https://core.forge.funambol.org/svn/core/top-level/branches/unlabeled-1.16.2.1.2/

Committed revision 27410.
svn del -m "Unused branch removed" https://core.forge.funambol.org/svn/core/top-level/branches/unlabeled-1.18.2/
+ svn del -m 'Unused branch removed' https://core.forge.funambol.org/svn/core/top-level/branches/unlabeled-1.18.2/

Committed revision 27411.
svn del -m "Unused branch removed" https://core.forge.funambol.org/svn/core/top-level/branches/unlabeled-1.2.2/
+ svn del -m 'Unused branch removed' https://core.forge.funambol.org/svn/core/top-level/branches/unlabeled-1.2.2/

Committed revision 27412.
svn del -m "Unused branch removed" https://core.forge.funambol.org/svn/core/top-level/branches/unlabeled-1.2.4/
+ svn del -m 'Unused branch removed' https://core.forge.funambol.org/svn/core/top-level/branches/unlabeled-1.2.4/

Committed revision 27413.
svn del -m "Unused branch removed" https://core.forge.funambol.org/svn/core/top-level/branches/unlabeled-1.3.2/
+ svn del -m 'Unused branch removed' https://core.forge.funambol.org/svn/core/top-level/branches/unlabeled-1.3.2/

Committed revision 27414.
svn del -m "Unused branch removed" https://core.forge.funambol.org/svn/core/top-level/branches/unlabeled-1.3.4/
+ svn del -m 'Unused branch removed' https://core.forge.funambol.org/svn/core/top-level/branches/unlabeled-1.3.4/

Committed revision 27415.
svn del -m "Unused branch removed" https://core.forge.funambol.org/svn/core/top-level/branches/unlabeled-1.34.2.1.2/
+ svn del -m 'Unused branch removed' https://core.forge.funambol.org/svn/core/top-level/branches/unlabeled-1.34.2.1.2/

Committed revision 27416.
svn del -m "Unused branch removed" https://core.forge.funambol.org/svn/core/top-level/branches/unlabeled-1.4.2/
+ svn del -m 'Unused branch removed' https://core.forge.funambol.org/svn/core/top-level/branches/unlabeled-1.4.2/

Committed revision 27417.
svn del -m "Unused branch removed" https://core.forge.funambol.org/svn/core/top-level/branches/unlabeled-1.4.4/
+ svn del -m 'Unused branch removed' https://core.forge.funambol.org/svn/core/top-level/branches/unlabeled-1.4.4/

Committed revision 27418.
svn del -m "Unused branch removed" https://core.forge.funambol.org/svn/core/top-level/branches/unlabeled-1.4.4.1.2/
+ svn del -m 'Unused branch removed' https://core.forge.funambol.org/svn/core/top-level/branches/unlabeled-1.4.4.1.2/

Committed revision 27419.
svn del -m "Unused branch removed" https://core.forge.funambol.org/svn/core/top-level/branches/unlabeled-1.5.4/
+ svn del -m 'Unused branch removed' https://core.forge.funambol.org/svn/core/top-level/branches/unlabeled-1.5.4/

Committed revision 27420.
svn del -m "Unused branch removed" https://core.forge.funambol.org/svn/core/top-level/branches/unlabeled-1.6.2/
+ svn del -m 'Unused branch removed' https://core.forge.funambol.org/svn/core/top-level/branches/unlabeled-1.6.2/

Committed revision 27421.
svn del -m "Unused branch removed" https://core.forge.funambol.org/svn/core/top-level/branches/unlabeled-1.6.2.1.2/
+ svn del -m 'Unused branch removed' https://core.forge.funambol.org/svn/core/top-level/branches/unlabeled-1.6.2.1.2/

Committed revision 27422.
svn del -m "Unused branch removed" https://core.forge.funambol.org/svn/core/top-level/branches/unlabeled-1.7.2/
+ svn del -m 'Unused branch removed' https://core.forge.funambol.org/svn/core/top-level/branches/unlabeled-1.7.2/

Committed revision 27423.
svn del -m "Unused branch removed" https://core.forge.funambol.org/svn/core/top-level/branches/unlabeled-1.8.2.1.2/
+ svn del -m 'Unused branch removed' https://core.forge.funambol.org/svn/core/top-level/branches/unlabeled-1.8.2.1.2/

Committed revision 27424.
svn del -m "Unused branch removed" https://core.forge.funambol.org/svn/core/top-level/branches/unlabeled-1.8.4/
+ svn del -m 'Unused branch removed' https://core.forge.funambol.org/svn/core/top-level/branches/unlabeled-1.8.4/

Committed revision 27425.
svn del -m "Unused branch removed" https://core.forge.funambol.org/svn/core/top-level/branches/unlabeled-1.9.4/
+ svn del -m 'Unused branch removed' https://core.forge.funambol.org/svn/core/top-level/branches/unlabeled-1.9.4/

Committed revision 27426.
svn del -m "Unused branch removed" https://core.forge.funambol.org/svn/core/top-level/branches/INIT/
+ svn del -m 'Unused branch removed' https://core.forge.funambol.org/svn/core/top-level/branches/INIT/

Committed revision 27427.
svn del -m "Unused branch removed" https://core.forge.funambol.org/svn/core/top-level/branches/Sync4j-ext/
+ svn del -m 'Unused branch removed' https://core.forge.funambol.org/svn/core/top-level/branches/Sync4j-ext/

Committed revision 27428.
svn del -m "Unused branch removed" https://core.forge.funambol.org/svn/core/top-level/branches/Sync4j_2_0/
+ svn del -m 'Unused branch removed' https://core.forge.funambol.org/svn/core/top-level/branches/Sync4j_2_0/

Committed revision 27429.
svn del -m "Unused branch removed" https://core.forge.funambol.org/svn/core/top-level/branches/admin_1_0_6/
+ svn del -m 'Unused branch removed' https://core.forge.funambol.org/svn/core/top-level/branches/admin_1_0_6/

Committed revision 27430.
svn del -m "Unused branch removed" https://core.forge.funambol.org/svn/core/top-level/branches/b_char/
+ svn del -m 'Unused branch removed' https://core.forge.funambol.org/svn/core/top-level/branches/b_char/

Committed revision 27431.
svn del -m "Unused branch removed" https://core.forge.funambol.org/svn/core/top-level/branches/b_demo302/
+ svn del -m 'Unused branch removed' https://core.forge.funambol.org/svn/core/top-level/branches/b_demo302/

Committed revision 27432.
svn del -m "Unused branch removed" https://core.forge.funambol.org/svn/core/top-level/branches/b_leak/
+ svn del -m 'Unused branch removed' https://core.forge.funambol.org/svn/core/top-level/branches/b_leak/

Committed revision 27433.
svn del -m "Unused branch removed" https://core.forge.funambol.org/svn/core/top-level/branches/b_memtest_ex/
+ svn del -m 'Unused branch removed' https://core.forge.funambol.org/svn/core/top-level/branches/b_memtest_ex/

Committed revision 27434.
svn del -m "Unused branch removed" https://core.forge.funambol.org/svn/core/top-level/branches/b_newconfig/
+ svn del -m 'Unused branch removed' https://core.forge.funambol.org/svn/core/top-level/branches/b_newconfig/

Committed revision 27435.
svn del -m "Unused branch removed" https://core.forge.funambol.org/svn/core/top-level/branches/b_wmplugin_pre_alpha1/
+ svn del -m 'Unused branch removed' https://core.forge.funambol.org/svn/core/top-level/branches/b_wmplugin_pre_alpha1/

Committed revision 27436.
svn del -m "Unused branch removed" https://core.forge.funambol.org/svn/core/top-level/branches/blackberryclient_branch_1_1_10/
+ svn del -m 'Unused branch removed' https://core.forge.funambol.org/svn/core/top-level/branches/blackberryclient_branch_1_1_10/

Committed revision 27437.
svn del -m "Unused branch removed" https://core.forge.funambol.org/svn/core/top-level/branches/dist_4_0_5/
+ svn del -m 'Unused branch removed' https://core.forge.funambol.org/svn/core/top-level/branches/dist_4_0_5/

Committed revision 27438.
svn del -m "Unused branch removed" https://core.forge.funambol.org/svn/core/top-level/branches/e_6_0_1_newUI/
+ svn del -m 'Unused branch removed' https://core.forge.funambol.org/svn/core/top-level/branches/e_6_0_1_newUI/

Committed revision 27439.
svn del -m "Unused branch removed" https://core.forge.funambol.org/svn/core/top-level/branches/e_6_0_8_UIfixes/
+ svn del -m 'Unused branch removed' https://core.forge.funambol.org/svn/core/top-level/branches/e_6_0_8_UIfixes/

Committed revision 27440.
svn del -m "Unused branch removed" https://core.forge.funambol.org/svn/core/top-level/branches/experimental/
+ svn del -m 'Unused branch removed' https://core.forge.funambol.org/svn/core/top-level/branches/experimental/

Committed revision 27441.
svn del -m "Unused branch removed" https://core.forge.funambol.org/svn/core/top-level/branches/foundation-1_1_1/
+ svn del -m 'Unused branch removed' https://core.forge.funambol.org/svn/core/top-level/branches/foundation-1_1_1/

Committed revision 27442.
svn del -m "Unused branch removed" https://core.forge.funambol.org/svn/core/top-level/branches/foundation_1_2/
+ svn del -m 'Unused branch removed' https://core.forge.funambol.org/svn/core/top-level/branches/foundation_1_2/

Committed revision 27443.
svn del -m "Unused branch removed" https://core.forge.funambol.org/svn/core/top-level/branches/foundation_1_3/
+ svn del -m 'Unused branch removed' https://core.forge.funambol.org/svn/core/top-level/branches/foundation_1_3/

Committed revision 27444.
svn del -m "Unused branch removed" https://core.forge.funambol.org/svn/core/top-level/branches/funambol_initial/
+ svn del -m 'Unused branch removed' https://core.forge.funambol.org/svn/core/top-level/branches/funambol_initial/

Committed revision 27445.
svn del -m "Unused branch removed" https://core.forge.funambol.org/svn/core/top-level/branches/initial_release/
+ svn del -m 'Unused branch removed' https://core.forge.funambol.org/svn/core/top-level/branches/initial_release/

Committed revision 27446.
svn del -m "Unused branch removed" https://core.forge.funambol.org/svn/core/top-level/branches/syncserver401_scts/
+ svn del -m 'Unused branch removed' https://core.forge.funambol.org/svn/core/top-level/branches/syncserver401_scts/

Committed revision 27447.
svn del -m "Unused branch removed" https://core.forge.funambol.org/svn/core/top-level/branches/syncserver_403b2/
+ svn del -m 'Unused branch removed' https://core.forge.funambol.org/svn/core/top-level/branches/syncserver_403b2/

Committed revision 27448.
svn del -m "Unused branch removed" https://core.forge.funambol.org/svn/core/top-level/branches/syncserver_4_0_5/
+ svn del -m 'Unused branch removed' https://core.forge.funambol.org/svn/core/top-level/branches/syncserver_4_0_5/

Committed revision 27449.

