svn del -m "Unused tag removed" https://core.forge.funambol.org/svn/core/top-level/tags/BUILD_20041002/

Committed revision 27455.
svn del -m "Unused tag removed" https://core.forge.funambol.org/svn/core/top-level/tags/BUILD_20041005/

Committed revision 27456.
svn del -m "Unused tag removed" https://core.forge.funambol.org/svn/core/top-level/tags/INIT_BUILD/

Committed revision 27457.
svn del -m "Unused tag removed" https://core.forge.funambol.org/svn/core/top-level/tags/Initial/

Committed revision 27458.
svn del -m "Unused tag removed" https://core.forge.funambol.org/svn/core/top-level/tags/SC_BUILD_20040416/

Committed revision 27459.
svn del -m "Unused tag removed" https://core.forge.funambol.org/svn/core/top-level/tags/SC_BUILD_20040607/

Committed revision 27460.
svn del -m "Unused tag removed" https://core.forge.funambol.org/svn/core/top-level/tags/SC_OTLK_REL_20040803_VER1_2/

Committed revision 27461.
svn del -m "Unused tag removed" https://core.forge.funambol.org/svn/core/top-level/tags/SC_OTLK_REL_20041111_VER1_3_3/

Committed revision 27462.
svn del -m "Unused tag removed" https://core.forge.funambol.org/svn/core/top-level/tags/SC_OTLK_REL_20041207_VER1_3_7/

Committed revision 27463.
svn del -m "Unused tag removed" https://core.forge.funambol.org/svn/core/top-level/tags/SC_PPC_BUILD_20041021_1_6/

Committed revision 27464.
svn del -m "Unused tag removed" https://core.forge.funambol.org/svn/core/top-level/tags/SC_PPC_REL_20040806_VER1_5/

Committed revision 27465.
svn del -m "Unused tag removed" https://core.forge.funambol.org/svn/core/top-level/tags/SC_PPC_REL_20041111_VER1_6_3/

Committed revision 27466.
svn del -m "Unused tag removed" https://core.forge.funambol.org/svn/core/top-level/tags/SC_PPC_REL_20041207_VER1_6_3/

Committed revision 27467.
svn del -m "Unused tag removed" https://core.forge.funambol.org/svn/core/top-level/tags/SP_SC_ACI_2_5_20040309/

Committed revision 27468.
svn del -m "Unused tag removed" https://core.forge.funambol.org/svn/core/top-level/tags/SP_SC_API_2_3_20031118/

Committed revision 27469.
svn del -m "Unused tag removed" https://core.forge.funambol.org/svn/core/top-level/tags/SP_SC_API_2_5_20040129/

Committed revision 27470.
svn del -m "Unused tag removed" https://core.forge.funambol.org/svn/core/top-level/tags/bbplugin_import/

Committed revision 27471.
svn del -m "Unused tag removed" https://core.forge.funambol.org/svn/core/top-level/tags/bbplugin_3_0_6a/

Committed revision 27472.
svn del -m "Unused tag removed" https://core.forge.funambol.org/svn/core/top-level/tags/culhwch/

Committed revision 27473.
svn del -m "Unused tag removed" https://core.forge.funambol.org/svn/core/top-level/tags/culhwch_0_1b4/

Committed revision 27474.
svn del -m "Unused tag removed" https://core.forge.funambol.org/svn/core/top-level/tags/culhwch_0_2b1/

Committed revision 27475.
svn del -m "Unused tag removed" https://core.forge.funambol.org/svn/core/top-level/tags/culhwch_1_0/

Committed revision 27476.
svn del -m "Unused tag removed" https://core.forge.funambol.org/svn/core/top-level/tags/culhwch_1_1/

Committed revision 27477.
svn del -m "Unused tag removed" https://core.forge.funambol.org/svn/core/top-level/tags/culhwch_1_2/

Committed revision 27478.
svn del -m "Unused tag removed" https://core.forge.funambol.org/svn/core/top-level/tags/culhwch_1_5/

Committed revision 27479.
svn del -m "Unused tag removed" https://core.forge.funambol.org/svn/core/top-level/tags/culhwch_20021231/

Committed revision 27480.
svn del -m "Unused tag removed" https://core.forge.funambol.org/svn/core/top-level/tags/culhwch_20030110/

Committed revision 27481.
svn del -m "Unused tag removed" https://core.forge.funambol.org/svn/core/top-level/tags/culhwch_20030124/

Committed revision 27482.
svn del -m "Unused tag removed" https://core.forge.funambol.org/svn/core/top-level/tags/culhwch_20030131/

Committed revision 27483.
svn del -m "Unused tag removed" https://core.forge.funambol.org/svn/core/top-level/tags/culhwch_2_0/

Committed revision 27484.
svn del -m "Unused tag removed" https://core.forge.funambol.org/svn/core/top-level/tags/culhwch_4_0/

Committed revision 27485.
svn del -m "Unused tag removed" https://core.forge.funambol.org/svn/core/top-level/tags/culhwch_4_0_12/

Committed revision 27486.
svn del -m "Unused tag removed" https://core.forge.funambol.org/svn/core/top-level/tags/culhwch_4_0_15/

Committed revision 27487.
svn del -m "Unused tag removed" https://core.forge.funambol.org/svn/core/top-level/tags/culhwch_4_0_16/

Committed revision 27488.
svn del -m "Unused tag removed" https://core.forge.funambol.org/svn/core/top-level/tags/culhwch_4_0_3/

Committed revision 27489.
svn del -m "Unused tag removed" https://core.forge.funambol.org/svn/core/top-level/tags/culhwch_4_0_3_b/

Committed revision 27490.
svn del -m "Unused tag removed" https://core.forge.funambol.org/svn/core/top-level/tags/culhwch_4_0_3_b2/

Committed revision 27491.
svn del -m "Unused tag removed" https://core.forge.funambol.org/svn/core/top-level/tags/culhwch_4_0_4/

Committed revision 27492.
svn del -m "Unused tag removed" https://core.forge.funambol.org/svn/core/top-level/tags/culhwch_4_0_4_b2/

Committed revision 27493.
svn del -m "Unused tag removed" https://core.forge.funambol.org/svn/core/top-level/tags/culhwch_4_0_5/

Committed revision 27494.
svn del -m "Unused tag removed" https://core.forge.funambol.org/svn/core/top-level/tags/culhwch_4_0_6/

Committed revision 27495.
svn del -m "Unused tag removed" https://core.forge.funambol.org/svn/core/top-level/tags/culhwch_4_0_7/

Committed revision 27496.
svn del -m "Unused tag removed" https://core.forge.funambol.org/svn/core/top-level/tags/culhwch_4_0_9/

Committed revision 27497.
svn del -m "Unused tag removed" https://core.forge.funambol.org/svn/core/top-level/tags/culhwch_4_1_0/

Committed revision 27498.
svn del -m "Unused tag removed" https://core.forge.funambol.org/svn/core/top-level/tags/first-release/

Committed revision 27499.
svn del -m "Unused tag removed" https://core.forge.funambol.org/svn/core/top-level/tags/first_release/

Committed revision 27500.
svn del -m "Unused tag removed" https://core.forge.funambol.org/svn/core/top-level/tags/first_version/

Committed revision 27501.
svn del -m "Unused tag removed" https://core.forge.funambol.org/svn/core/top-level/tags/fmail-import/

Committed revision 27502.
svn del -m "Unused tag removed" https://core.forge.funambol.org/svn/core/top-level/tags/forge_20030731/

Committed revision 27503.
svn del -m "Unused tag removed" https://core.forge.funambol.org/svn/core/top-level/tags/ftypes/

Committed revision 27504.
svn del -m "Unused tag removed" https://core.forge.funambol.org/svn/core/top-level/tags/import/

Committed revision 27505.
svn del -m "Unused tag removed" https://core.forge.funambol.org/svn/core/top-level/tags/initial/

Committed revision 27506.
svn del -m "Unused tag removed" https://core.forge.funambol.org/svn/core/top-level/tags/initial-revision/

Committed revision 27507.
svn del -m "Unused tag removed" https://core.forge.funambol.org/svn/core/top-level/tags/initial_version/

Committed revision 27508.
svn del -m "Unused tag removed" https://core.forge.funambol.org/svn/core/top-level/tags/jmc_barcelona_5/

Committed revision 27509.
svn del -m "Unused tag removed" https://core.forge.funambol.org/svn/core/top-level/tags/outlook_pre_char/

Committed revision 27510.
svn del -m "Unused tag removed" https://core.forge.funambol.org/svn/core/top-level/tags/outlookclient_2_0_20/

Committed revision 27511.
svn del -m "Unused tag removed" https://core.forge.funambol.org/svn/core/top-level/tags/outlookclient_2_0_21/

Committed revision 27512.
svn del -m "Unused tag removed" https://core.forge.funambol.org/svn/core/top-level/tags/outlookclient_2_0_22/

Committed revision 27513.
svn del -m "Unused tag removed" https://core.forge.funambol.org/svn/core/top-level/tags/outlookclient_2_0_24/

Committed revision 27514.
svn del -m "Unused tag removed" https://core.forge.funambol.org/svn/core/top-level/tags/outlookclient_2_0_25/

Committed revision 27515.
svn del -m "Unused tag removed" https://core.forge.funambol.org/svn/core/top-level/tags/outlookclient_2_0_26/

Committed revision 27516.
svn del -m "Unused tag removed" https://core.forge.funambol.org/svn/core/top-level/tags/outlookclient_2_0_27/

Committed revision 27517.
svn del -m "Unused tag removed" https://core.forge.funambol.org/svn/core/top-level/tags/outlookclient_2_0_28/

Committed revision 27518.
svn del -m "Unused tag removed" https://core.forge.funambol.org/svn/core/top-level/tags/outlookclient_2_0_29/

Committed revision 27519.
svn del -m "Unused tag removed" https://core.forge.funambol.org/svn/core/top-level/tags/outlookclient_2_0_30/

Committed revision 27520.
svn del -m "Unused tag removed" https://core.forge.funambol.org/svn/core/top-level/tags/outlookclient_2_0_31/

Committed revision 27521.
svn del -m "Unused tag removed" https://core.forge.funambol.org/svn/core/top-level/tags/outlookclient_2_0_32/

Committed revision 27522.
svn del -m "Unused tag removed" https://core.forge.funambol.org/svn/core/top-level/tags/outlookclient_2_0_33/

Committed revision 27523.
svn del -m "Unused tag removed" https://core.forge.funambol.org/svn/core/top-level/tags/sc_demo_build_20041015/

Committed revision 27524.
svn del -m "Unused tag removed" https://core.forge.funambol.org/svn/core/top-level/tags/syncevolution-0-4/

Committed revision 27525.
svn del -m "Unused tag removed" https://core.forge.funambol.org/svn/core/top-level/tags/syncevolution-0-4-pre2/

Committed revision 27526.
svn del -m "Unused tag removed" https://core.forge.funambol.org/svn/core/top-level/tags/syncevolution-0-5/

Committed revision 27527.
svn del -m "Unused tag removed" https://core.forge.funambol.org/svn/core/top-level/tags/t_checkpoint_1/

Committed revision 27528.
svn del -m "Unused tag removed" https://core.forge.funambol.org/svn/core/top-level/tags/t_checkpoint_2/

Committed revision 27529.
svn del -m "Unused tag removed" https://core.forge.funambol.org/svn/core/top-level/tags/t_mergedfrom_659/

Committed revision 27530.
svn del -m "Unused tag removed" https://core.forge.funambol.org/svn/core/top-level/tags/wm_before_all_mods/

Committed revision 27531.
svn del -m "Unused tag removed" https://core.forge.funambol.org/svn/core/top-level/tags/wm_before_new_startsync/

Committed revision 27532.
svn del -m "Unused tag removed" https://core.forge.funambol.org/svn/core/top-level/tags/wm_newconfig_base/

Committed revision 27533.
